c:\users\dan dragan\desktop\tema4\debug\main.obj
c:\users\dan dragan\desktop\tema4\debug\vc110.pdb
c:\users\dan dragan\desktop\tema4\debug\lab_gl_4.ilk
c:\users\dan dragan\desktop\tema4\debug\lab_gl_4.exe
c:\users\dan dragan\desktop\tema4\debug\lab_gl_4.pdb
c:\users\dan\desktop\anul iii\egc\tema4\debug\main.obj
c:\users\dan\desktop\anul iii\egc\tema4\debug\lab_gl_4.ilk
c:\users\dan\desktop\anul iii\egc\tema4\debug\cl.command.1.tlog
c:\users\dan\desktop\anul iii\egc\tema4\debug\cl.read.1.tlog
c:\users\dan\desktop\anul iii\egc\tema4\debug\cl.write.1.tlog
c:\users\dan\desktop\anul iii\egc\tema4\debug\link-cvtres.read.1.tlog
c:\users\dan\desktop\anul iii\egc\tema4\debug\link-cvtres.write.1.tlog
c:\users\dan\desktop\anul iii\egc\tema4\debug\link-rc.read.1.tlog
c:\users\dan\desktop\anul iii\egc\tema4\debug\link-rc.write.1.tlog
c:\users\dan\desktop\anul iii\egc\tema4\debug\link.command.1.tlog
c:\users\dan\desktop\anul iii\egc\tema4\debug\link.read.1.tlog
c:\users\dan\desktop\anul iii\egc\tema4\debug\link.write.1.tlog
c:\users\dan\desktop\anul iii\egc\tema4\debug\vc110.idb
c:\users\dan\desktop\anul iii\egc\tema4\debug\lab_gl_4.pdb
c:\users\dan\desktop\anul iii\egc\tema4\debug\vc110.pdb
c:\users\dan\desktop\anul iii\egc\tema4\debug\lab_gl_4.exe
